2022-10-21 21:23:16,236 INFO decos.py Была вызвана функция arg_parser c параметрами (), {}.Вызов из модуля __main__.Вызов из функции main
2022-10-21 21:23:16,236 INFO client.py Запущен клиент с парамертами: адрес сервера: 127.0.0.1, порт: 7777, режим работы: listen
2022-10-21 21:23:16,239 INFO decos.py Была вызвана функция create_presence c параметрами (), {}.Вызов из модуля __main__.Вызов из функции main
2022-10-21 21:23:16,244 INFO decos.py Была вызвана функция arg_parser c параметрами (), {}.Вызов из модуля __main__.Вызов из функции main
2022-10-21 21:23:16,245 INFO client.py Запущен клиент с парамертами: адрес сервера: 127.0.0.1, порт: 7777, режим работы: send
2022-10-21 21:23:16,245 INFO decos.py Была вызвана функция arg_parser c параметрами (), {}.Вызов из модуля __main__.Вызов из функции main
2022-10-21 21:23:16,246 INFO client.py Запущен клиент с парамертами: адрес сервера: 127.0.0.1, порт: 7777, режим работы: listen
2022-10-21 21:23:16,247 INFO decos.py Была вызвана функция process_response_ans c параметрами ({'response': 200},), {}.Вызов из модуля __main__.Вызов из функции main
2022-10-21 21:23:16,247 INFO decos.py Была вызвана функция arg_parser c параметрами (), {}.Вызов из модуля __main__.Вызов из функции main
2022-10-21 21:23:16,247 INFO decos.py Была вызвана функция create_presence c параметрами (), {}.Вызов из модуля __main__.Вызов из функции main
2022-10-21 21:23:16,247 INFO client.py Установлено соединение с сервером. Ответ сервера: 200 : OK
2022-10-21 21:23:16,247 INFO decos.py Была вызвана функция create_presence c параметрами (), {}.Вызов из модуля __main__.Вызов из функции main
2022-10-21 21:23:16,247 INFO client.py Запущен клиент с парамертами: адрес сервера: 127.0.0.1, порт: 7777, режим работы: send
2022-10-21 21:23:16,248 INFO decos.py Была вызвана функция arg_parser c параметрами (), {}.Вызов из модуля __main__.Вызов из функции main
2022-10-21 21:23:16,250 INFO decos.py Была вызвана функция create_presence c параметрами (), {}.Вызов из модуля __main__.Вызов из функции main
2022-10-21 21:23:16,250 INFO decos.py Была вызвана функция process_response_ans c параметрами ({'response': 200},), {}.Вызов из модуля __main__.Вызов из функции main
2022-10-21 21:23:16,249 INFO client.py Запущен клиент с парамертами: адрес сервера: 127.0.0.1, порт: 7777, режим работы: listen
2022-10-21 21:23:16,250 INFO client.py Установлено соединение с сервером. Ответ сервера: 200 : OK
2022-10-21 21:23:16,251 INFO decos.py Была вызвана функция process_response_ans c параметрами ({'response': 200},), {}.Вызов из модуля __main__.Вызов из функции main
2022-10-21 21:23:16,251 INFO client.py Установлено соединение с сервером. Ответ сервера: 200 : OK
2022-10-21 21:23:16,252 INFO decos.py Была вызвана функция create_presence c параметрами (), {}.Вызов из модуля __main__.Вызов из функции main
2022-10-21 21:23:16,252 INFO decos.py Была вызвана функция process_response_ans c параметрами ({'response': 200},), {}.Вызов из модуля __main__.Вызов из функции main
2022-10-21 21:23:16,253 INFO client.py Установлено соединение с сервером. Ответ сервера: 200 : OK
2022-10-21 21:23:16,253 INFO decos.py Была вызвана функция process_response_ans c параметрами ({'response': 200},), {}.Вызов из модуля __main__.Вызов из функции main
2022-10-21 21:23:16,254 INFO client.py Установлено соединение с сервером. Ответ сервера: 200 : OK
2022-10-21 21:23:16,262 INFO decos.py Была вызвана функция arg_parser c параметрами (), {}.Вызов из модуля __main__.Вызов из функции main
2022-10-21 21:23:16,262 INFO client.py Запущен клиент с парамертами: адрес сервера: 127.0.0.1, порт: 7777, режим работы: listen
2022-10-21 21:23:16,263 INFO decos.py Была вызвана функция create_presence c параметрами (), {}.Вызов из модуля __main__.Вызов из функции main
2022-10-21 21:23:16,266 INFO decos.py Была вызвана функция process_response_ans c параметрами ({'response': 200},), {}.Вызов из модуля __main__.Вызов из функции main
2022-10-21 21:23:16,266 INFO client.py Установлено соединение с сервером. Ответ сервера: 200 : OK
2022-10-21 21:23:16,269 INFO decos.py Была вызвана функция arg_parser c параметрами (), {}.Вызов из модуля __main__.Вызов из функции main
2022-10-21 21:23:16,269 INFO client.py Запущен клиент с парамертами: адрес сервера: 127.0.0.1, порт: 7777, режим работы: listen
2022-10-21 21:23:16,271 INFO decos.py Была вызвана функция create_presence c параметрами (), {}.Вызов из модуля __main__.Вызов из функции main
2022-10-21 21:23:16,791 INFO decos.py Была вызвана функция process_response_ans c параметрами ({'response': 200},), {}.Вызов из модуля __main__.Вызов из функции main
2022-10-21 21:23:16,791 INFO client.py Установлено соединение с сервером. Ответ сервера: 200 : OK
2022-10-21 21:26:00,660 INFO decos.py Была вызвана функция arg_parser c параметрами (), {}.Вызов из модуля __main__.Вызов из функции main
2022-10-21 21:26:00,660 INFO client.py Запущен клиент с парамертами: адрес сервера: 127.0.0.1, порт: 7777, режим работы: send
2022-10-21 21:26:00,662 INFO decos.py Была вызвана функция create_presence c параметрами (), {}.Вызов из модуля __main__.Вызов из функции main
2022-10-21 21:26:00,684 INFO decos.py Была вызвана функция arg_parser c параметрами (), {}.Вызов из модуля __main__.Вызов из функции main
2022-10-21 21:26:00,684 INFO client.py Запущен клиент с парамертами: адрес сервера: 127.0.0.1, порт: 7777, режим работы: send
2022-10-21 21:26:00,687 INFO decos.py Была вызвана функция process_response_ans c параметрами ({'response': 200},), {}.Вызов из модуля __main__.Вызов из функции main
2022-10-21 21:26:00,687 INFO client.py Установлено соединение с сервером. Ответ сервера: 200 : OK
2022-10-21 21:26:00,691 INFO decos.py Была вызвана функция create_presence c параметрами (), {}.Вызов из модуля __main__.Вызов из функции main
2022-10-21 21:26:00,704 INFO decos.py Была вызвана функция arg_parser c параметрами (), {}.Вызов из модуля __main__.Вызов из функции main
2022-10-21 21:26:00,709 INFO client.py Запущен клиент с парамертами: адрес сервера: 127.0.0.1, порт: 7777, режим работы: listen
2022-10-21 21:26:00,722 INFO decos.py Была вызвана функция process_response_ans c параметрами ({'response': 200},), {}.Вызов из модуля __main__.Вызов из функции main
2022-10-21 21:26:00,718 INFO decos.py Была вызвана функция arg_parser c параметрами (), {}.Вызов из модуля __main__.Вызов из функции main
2022-10-21 21:26:00,719 INFO decos.py Была вызвана функция create_presence c параметрами (), {}.Вызов из модуля __main__.Вызов из функции main
2022-10-21 21:26:00,723 INFO client.py Установлено соединение с сервером. Ответ сервера: 200 : OK
2022-10-21 21:26:00,724 INFO client.py Запущен клиент с парамертами: адрес сервера: 127.0.0.1, порт: 7777, режим работы: listen
2022-10-21 21:26:00,727 INFO decos.py Была вызвана функция create_presence c параметрами (), {}.Вызов из модуля __main__.Вызов из функции main
2022-10-21 21:26:00,729 INFO decos.py Была вызвана функция process_response_ans c параметрами ({'response': 200},), {}.Вызов из модуля __main__.Вызов из функции main
2022-10-21 21:26:00,737 INFO client.py Установлено соединение с сервером. Ответ сервера: 200 : OK
2022-10-21 21:26:00,786 INFO decos.py Была вызвана функция arg_parser c параметрами (), {}.Вызов из модуля __main__.Вызов из функции main
2022-10-21 21:26:00,786 INFO client.py Запущен клиент с парамертами: адрес сервера: 127.0.0.1, порт: 7777, режим работы: listen
2022-10-21 21:26:00,788 INFO decos.py Была вызвана функция create_presence c параметрами (), {}.Вызов из модуля __main__.Вызов из функции main
2022-10-21 21:26:00,788 INFO decos.py Была вызвана функция process_response_ans c параметрами ({'response': 200},), {}.Вызов из модуля __main__.Вызов из функции main
2022-10-21 21:26:00,788 INFO client.py Установлено соединение с сервером. Ответ сервера: 200 : OK
2022-10-21 21:26:00,808 INFO decos.py Была вызвана функция arg_parser c параметрами (), {}.Вызов из модуля __main__.Вызов из функции main
2022-10-21 21:26:00,808 INFO client.py Запущен клиент с парамертами: адрес сервера: 127.0.0.1, порт: 7777, режим работы: listen
2022-10-21 21:26:00,812 INFO decos.py Была вызвана функция create_presence c параметрами (), {}.Вызов из модуля __main__.Вызов из функции main
2022-10-21 21:26:00,812 INFO decos.py Была вызвана функция process_response_ans c параметрами ({'response': 200},), {}.Вызов из модуля __main__.Вызов из функции main
2022-10-21 21:26:00,812 INFO client.py Установлено соединение с сервером. Ответ сервера: 200 : OK
2022-10-21 21:26:00,836 INFO decos.py Была вызвана функция arg_parser c параметрами (), {}.Вызов из модуля __main__.Вызов из функции main
2022-10-21 21:26:00,837 INFO client.py Запущен клиент с парамертами: адрес сервера: 127.0.0.1, порт: 7777, режим работы: listen
2022-10-21 21:26:00,838 INFO decos.py Была вызвана функция create_presence c параметрами (), {}.Вызов из модуля __main__.Вызов из функции main
2022-10-21 21:26:00,838 INFO decos.py Была вызвана функция process_response_ans c параметрами ({'response': 200},), {}.Вызов из модуля __main__.Вызов из функции main
2022-10-21 21:26:00,839 INFO client.py Установлено соединение с сервером. Ответ сервера: 200 : OK
2022-10-21 21:26:02,846 INFO decos.py Была вызвана функция process_response_ans c параметрами ({'response': 200},), {}.Вызов из модуля __main__.Вызов из функции main
2022-10-21 21:26:02,847 INFO client.py Установлено соединение с сервером. Ответ сервера: 200 : OK
2022-10-21 21:26:49,570 INFO decos.py Была вызвана функция create_message c параметрами (<socket.socket fd=372, family=AddressFamily.AF_INET, type=SocketKind.SOCK_STREAM, proto=0, laddr=('127.0.0.1', 55652), raddr=('127.0.0.1', 7777)>,), {}.Вызов из модуля __main__.Вызов из функции main
2022-10-21 21:26:51,031 INFO client.py Получено сообщение от пользователя Guest:
gggg
2022-10-21 21:26:51,031 INFO client.py Получено сообщение от пользователя Guest:
gggg
2022-10-21 21:26:51,032 INFO client.py Получено сообщение от пользователя Guest:
gggg
2022-10-21 21:26:51,031 INFO client.py Получено сообщение от пользователя Guest:
gggg
2022-10-21 21:26:51,032 INFO client.py Получено сообщение от пользователя Guest:
gggg
2022-10-21 21:26:51,032 INFO decos.py Была вызвана функция message_from_server c параметрами ({'action': 'message', 'sender': 'Guest', 'time': 1666376811.031616, 'mess_text': 'gggg'},), {}.Вызов из модуля __main__.Вызов из функции main
2022-10-21 21:26:51,033 INFO decos.py Была вызвана функция message_from_server c параметрами ({'action': 'message', 'sender': 'Guest', 'time': 1666376811.031616, 'mess_text': 'gggg'},), {}.Вызов из модуля __main__.Вызов из функции main
2022-10-21 21:26:51,034 INFO decos.py Была вызвана функция message_from_server c параметрами ({'action': 'message', 'sender': 'Guest', 'time': 1666376811.031616, 'mess_text': 'gggg'},), {}.Вызов из модуля __main__.Вызов из функции main
2022-10-21 21:26:51,034 INFO decos.py Была вызвана функция message_from_server c параметрами ({'action': 'message', 'sender': 'Guest', 'time': 1666376811.031616, 'mess_text': 'gggg'},), {}.Вызов из модуля __main__.Вызов из функции main
