2022-10-13 23:55:08,816 CRITICAL config_server_log.py Critical
2022-10-13 23:55:08,816 ERROR config_server_log.py Error
2022-10-13 23:55:08,816 WARNING config_server_log.py Warning
2022-10-13 23:57:03,951 CRITICAL config_server_log.py Critical
2022-10-13 23:57:03,951 ERROR config_server_log.py Error
2022-10-13 23:57:03,951 WARNING config_server_log.py Warning
2022-10-13 23:57:03,951 INFO config_server_log.py Info
2022-10-14 18:53:38,046 INFO server.py Cтарт сервера
2022-10-14 19:01:39,374 INFO server.py Cтарт сервера
2022-10-14 19:01:39,374 INFO server.py :7777
2022-10-14 19:02:37,237 INFO server.py Cтарт сервера
2022-10-14 19:02:37,237 INFO server.py :7777
2022-10-14 19:03:18,168 INFO server.py Cтарт сервера
2022-10-14 19:03:18,173 INFO server.py :7777
2022-10-14 19:05:05,710 INFO server.py Cтарт сервера
2022-10-14 19:05:05,710 INFO server.py Запущен сервер с параментрами: адрес - , порт - 7777
2022-10-14 19:06:12,520 INFO server.py Cтарт сервера
2022-10-14 19:06:12,521 INFO server.py Запущен сервер с параментрами: адрес - , порт - 7777
2022-10-14 19:12:30,399 INFO server.py Cтарт сервера
2022-10-14 19:12:30,399 INFO server.py Запущен сервер с параментрами: адрес - , порт - 7777
2022-10-14 19:12:43,770 INFO server.py Cтарт сервера
2022-10-14 19:12:43,770 INFO server.py Запущен сервер с параментрами: адрес - , порт - 7777
2022-10-14 19:13:45,408 INFO server.py Cтарт сервера
2022-10-14 19:13:45,408 INFO server.py Запущен сервер с параментрами: адрес - , порт - 7777
2022-10-14 19:16:48,640 INFO server.py Cтарт сервера
2022-10-14 19:16:48,640 INFO server.py Запущен сервер с параментрами: адрес - , порт - 7777
2022-10-14 19:16:48,641 INFO server.py Сервер слушает
2022-10-14 19:22:52,817 INFO server.py Cтарт сервера
2022-10-14 19:22:52,817 INFO server.py Запущен сервер с параментрами: адрес - , порт - 7777
2022-10-14 19:22:52,818 INFO server.py Сервер слушает
2022-10-14 19:25:03,793 INFO server.py Cтарт сервера
2022-10-14 19:25:03,793 INFO server.py Запущен сервер с параментрами: адрес - , порт - 7777
2022-10-14 19:25:03,794 INFO server.py Сервер слушает
2022-10-14 19:25:14,009 INFO server.py Получено сообщение от клиента: {'action': 'presence', 'time': 1665764714.0098503, 'user': {'account_name': 'Guest'}}
2022-10-14 19:25:14,009 INFO server.py Клиент успешно отправил сообщение.
